PWHelper/proguard/seeds.txt
com.lxm.pwhelp.App
com.lxm.pwhelp.App: App()
com.lxm.pwhelp.R$anim: int interpolator_cycle
com.lxm.pwhelp.R$anim: int shake_x
com.lxm.pwhelp.R$attr: int animate
com.lxm.pwhelp.R$attr: int arrowGreenUp
com.lxm.pwhelp.R$attr: int arrowRedUp
com.lxm.pwhelp.R$attr: int aspect
com.lxm.pwhelp.R$attr: int borderWidth
com.lxm.pwhelp.R$attr: int border_color
com.lxm.pwhelp.R$attr: int border_overlay
com.lxm.pwhelp.R$attr: int border_width
com.lxm.pwhelp.R$attr: int btnNormal
com.lxm.pwhelp.R$attr: int btnTouched
com.lxm.pwhelp.R$attr: int circleGreen
com.lxm.pwhelp.R$attr: int circleNormal
com.lxm.pwhelp.R$attr: int circleRed
com.lxm.pwhelp.R$attr: int line
com.lxm.pwhelp.R$attr: int offBorderColor
com.lxm.pwhelp.R$attr: int offColor
com.lxm.pwhelp.R$attr: int onColor
com.lxm.pwhelp.R$attr: int spotColor
com.lxm.pwhelp.R$attr: int swipeActionLeft
com.lxm.pwhelp.R$attr: int swipeActionRight
com.lxm.pwhelp.R$attr: int swipeAnimationTime
com.lxm.pwhelp.R$attr: int swipeBackView
com.lxm.pwhelp.R$attr: int swipeCloseAllItemsWhenMoveList
com.lxm.pwhelp.R$attr: int swipeDrawableChecked
com.lxm.pwhelp.R$attr: int swipeDrawableUnchecked
com.lxm.pwhelp.R$attr: int swipeFrontView
com.lxm.pwhelp.R$attr: int swipeMode
com.lxm.pwhelp.R$attr: int swipeOffsetLeft
com.lxm.pwhelp.R$attr: int swipeOffsetRight
com.lxm.pwhelp.R$attr: int swipeOpenOnLongPress
com.lxm.pwhelp.R$color: int color_hei_8
com.lxm.pwhelp.R$color: int gesture_background
com.lxm.pwhelp.R$color: int gray
com.lxm.pwhelp.R$color: int normal
com.lxm.pwhelp.R$color: int theme_color
com.lxm.pwhelp.R$color: int transparent_red
com.lxm.pwhelp.R$dimen: int addActivity_edit
com.lxm.pwhelp.R$dimen: int addActivity_label
com.lxm.pwhelp.R$dimen: int common_font_size
com.lxm.pwhelp.R$dimen: int editview_paddingleft
com.lxm.pwhelp.R$dimen: int spacing_medium
com.lxm.pwhelp.R$dimen: int textview_marginLeft
com.lxm.pwhelp.R$dimen: int title_font__size
com.lxm.pwhelp.R$dimen: int widget_height
com.lxm.pwhelp.R$dimen: int widget_margin
com.lxm.pwhelp.R$dimen: int widget_padding
com.lxm.pwhelp.R$drawable: int alipay_item_icon
com.lxm.pwhelp.R$drawable: int alipay_item_icon_big
com.lxm.pwhelp.R$drawable: int bank_item_icon
com.lxm.pwhelp.R$drawable: int bank_item_icon_big
com.lxm.pwhelp.R$drawable: int bottom_bar
com.lxm.pwhelp.R$drawable: int btn_add
com.lxm.pwhelp.R$drawable: int btn_browser
com.lxm.pwhelp.R$drawable: int btn_browser2
com.lxm.pwhelp.R$drawable: int btn_close
com.lxm.pwhelp.R$drawable: int btn_open
com.lxm.pwhelp.R$drawable: int card_avatar
com.lxm.pwhelp.R$drawable: int cloud_icon
com.lxm.pwhelp.R$drawable: int common_btn_green
com.lxm.pwhelp.R$drawable: int common_btn_red
com.lxm.pwhelp.R$drawable: int content_bg
com.lxm.pwhelp.R$drawable: int default_item_icon
com.lxm.pwhelp.R$drawable: int default_item_icon_big
com.lxm.pwhelp.R$drawable: int email_dialog
com.lxm.pwhelp.R$drawable: int email_item_icon
com.lxm.pwhelp.R$drawable: int email_item_icon_big
com.lxm.pwhelp.R$drawable: int gesture_create_grid_bg
com.lxm.pwhelp.R$drawable: int gesture_create_grid_selected
com.lxm.pwhelp.R$drawable: int gesture_guide_pic
com.lxm.pwhelp.R$drawable: int gesture_pattern_item_bg
com.lxm.pwhelp.R$drawable: int gesture_pattern_selected
com.lxm.pwhelp.R$drawable: int gesture_pattern_selected_wrong
com.lxm.pwhelp.R$drawable: int gradient_bg
com.lxm.pwhelp.R$drawable: int gradient_bg_hover
com.lxm.pwhelp.R$drawable: int head_icon
com.lxm.pwhelp.R$drawable: int home_noselected
com.lxm.pwhelp.R$drawable: int home_selected
...
android.support.v4.widget.SlidingPaneLayout$LayoutParams
android.support.v4.widget.SlidingPaneLayout$LayoutParams: SlidingPaneLayout$LayoutParams(android.content.Context,android.util.AttributeSet)
android.support.v4.widget.SlidingPaneLayout$SavedState
android.support.v4.widget.SlidingPaneLayout$SavedState: android.os.Parcelable$Creator CREATOR
android.support.v4.widget.Space
android.support.v4.widget.Space: Space(android.content.Context,android.util.AttributeSet,int)
android.support.v4.widget.Space: Space(android.content.Context,android.util.AttributeSet)
android.support.v4.widget.SwipeRefreshLayout
android.support.v4.widget.SwipeRefreshLayout: void setColorViewAlpha(int)
android.support.v4.widget.SwipeRefreshLayout: void setSize(int)
android.support.v4.widget.SwipeRefreshLayout: SwipeRefreshLayout(android.content.Context,android.util.AttributeSet)
android.support.v4.widget.SwipeRefreshLayout: void setOnRefreshListener(android.support.v4.widget.SwipeRefreshLayout$OnRefreshListener)
android.support.v4.widget.SwipeRefreshLayout: void setRefreshing(boolean)
android.support.v4.widget.SwipeRefreshLayout: void setAnimationProgress(float)
android.support.v4.widget.SwipeRefreshLayout: void setProgressBackgroundColor(int)
android.support.v4.widget.SwipeRefreshLayout: void setProgressBackgroundColorSchemeResource(int)
android.support.v4.widget.SwipeRefreshLayout: void setProgressBackgroundColorSchemeColor(int)
android.support.v4.widget.SwipeRefreshLayout: void setColorScheme(int[])
android.support.v4.widget.SwipeRefreshLayout: void setColorSchemeResources(int[])
android.support.v4.widget.SwipeRefreshLayout: void setColorSchemeColors(int[])
android.support.v4.widget.SwipeRefreshLayout: void setDistanceToTriggerSync(int)
android.support.v4.widget.SwipeRefreshLayout: int getProgressCircleDiameter()
com.baoyz.swipemenulistview.R$drawable: int ic_launcher
com.baoyz.swipemenulistview.R$string: int app_name
com.baoyz.swipemenulistview.R$style: int AppBaseTheme
com.baoyz.swipemenulistview.R$style: int AppTheme
com.baoyz.swipemenulistview.SwipeMenuLayout: int getPosition()
com.baoyz.swipemenulistview.SwipeMenuLayout: void setPosition(int)
com.baoyz.swipemenulistview.SwipeMenuLayout: android.view.View getContentView()
com.baoyz.swipemenulistview.SwipeMenuLayout: com.baoyz.swipemenulistview.SwipeMenuView getMenuView()
com.baoyz.swipemenulistview.SwipeMenuLayout: void setMenuHeight(int)
com.baoyz.swipemenulistview.SwipeMenuListView
com.baoyz.swipemenulistview.SwipeMenuListView: SwipeMenuListView(android.content.Context)
com.baoyz.swipemenulistview.SwipeMenuListView: SwipeMenuListView(android.content.Context,android.util.AttributeSet,int)
com.baoyz.swipemenulistview.SwipeMenuListView: SwipeMenuListView(android.content.Context,android.util.AttributeSet)
com.baoyz.swipemenulistview.SwipeMenuListView: void setAdapter(android.widget.ListAdapter)
com.baoyz.swipemenulistview.SwipeMenuListView: void setCloseInterpolator(android.view.animation.Interpolator)
com.baoyz.swipemenulistview.SwipeMenuListView: void setOpenInterpolator(android.view.animation.Interpolator)
com.baoyz.swipemenulistview.SwipeMenuListView: android.view.animation.Interpolator getOpenInterpolator()
com.baoyz.swipemenulistview.SwipeMenuListView: android.view.animation.Interpolator getCloseInterpolator()
com.baoyz.swipemenulistview.SwipeMenuListView: void setMenuCreator(com.baoyz.swipemenulistview.SwipeMenuCreator)
com.baoyz.swipemenulistview.SwipeMenuListView: void setOnMenuItemClickListener(com.baoyz.swipemenulistview.SwipeMenuListView$OnMenuItemClickListener)
com.baoyz.swipemenulistview.SwipeMenuListView: void setOnSwipeListener(com.baoyz.swipemenulistview.SwipeMenuListView$OnSwipeListener)
com.baoyz.swipemenulistview.SwipeMenuListView: void setAdapter(android.widget.Adapter)