PWHelper/proguard/mapping.txt
com.lxm.pwhelp.App -> com.lxm.pwhelp.App:
    com.lxm.pwhelp.App mInstance -> a
    com.lxm.pwhelp.utils.LockPatternUtils mLockPatternUtils -> b
    com.lxm.pwhelp.App getInstance() -> a
    void onCreate() -> onCreate
    com.lxm.pwhelp.utils.LockPatternUtils getLockPatternUtils() -> b
com.lxm.pwhelp.R -> com.lxm.pwhelp.a:
com.lxm.pwhelp.R$styleable -> com.lxm.pwhelp.b:
    int[] CircleImageView -> CircleImageView
    int CircleImageView_border_color -> CircleImageView_border_color
    int CircleImageView_border_overlay -> CircleImageView_border_overlay
    int CircleImageView_border_width -> CircleImageView_border_width
    int[] LockPatternView -> LockPatternView
    int LockPatternView_arrowGreenUp -> LockPatternView_arrowGreenUp
    int LockPatternView_arrowRedUp -> LockPatternView_arrowRedUp
    int LockPatternView_aspect -> LockPatternView_aspect
    int LockPatternView_btnNormal -> LockPatternView_btnNormal
    int LockPatternView_btnTouched -> LockPatternView_btnTouched
    int LockPatternView_circleGreen -> LockPatternView_circleGreen
    int LockPatternView_circleNormal -> LockPatternView_circleNormal
    int LockPatternView_circleRed -> LockPatternView_circleRed
    int LockPatternView_line -> LockPatternView_line
    int[] SwipeListView -> SwipeListView
    int SwipeListView_swipeActionLeft -> SwipeListView_swipeActionLeft
    int SwipeListView_swipeActionRight -> SwipeListView_swipeActionRight
    int SwipeListView_swipeAnimationTime -> SwipeListView_swipeAnimationTime
    int SwipeListView_swipeBackView -> SwipeListView_swipeBackView
    int SwipeListView_swipeCloseAllItemsWhenMoveList -> SwipeListView_swipeCloseAllItemsWhenMoveList
    int SwipeListView_swipeDrawableChecked -> SwipeListView_swipeDrawableChecked
com.lxm.pwhelp.activity.AddGroupActivity -> com.lxm.pwhelp.activity.AddGroupActivity:
    android.widget.EditText new_group -> a
    com.lxm.pwhelp.dao.PWGroupDao groupDao -> b
    void onCreate(android.os.Bundle) -> onCreate
    void onClick(android.view.View) -> onClick
    void showDialog(java.lang.String,java.lang.String) -> a
com.lxm.pwhelp.activity.AddGroupActivity$1 -> com.lxm.pwhelp.activity.a:
    com.lxm.pwhelp.activity.AddGroupActivity this$0 -> a
    void onClick(android.content.DialogInterface,int) -> onClick
com.lxm.pwhelp.activity.AddItemActivity -> com.lxm.pwhelp.activity.AddItemActivity:
    com.lxm.pwhelp.dao.PWItemDao itemDao -> a
    android.widget.EditText name -> b
    android.widget.EditText username -> c
    android.widget.EditText password -> d
    android.widget.EditText url -> e
    android.widget.EditText comment -> f
    android.widget.EditText question1 -> g
    android.widget.EditText question2 -> h
    android.widget.Spinner type -> i
    android.widget.RadioGroup subtype -> j
    android.widget.LinearLayout line_type -> k
    android.widget.LinearLayout line_name -> l
    android.widget.LinearLayout line_username -> m
    android.widget.LinearLayout line_password -> n
    android.widget.LinearLayout line_url -> o
    android.widget.LinearLayout line_comment -> p
    android.widget.LinearLayout line_question1 -> q
    android.widget.LinearLayout line_question2 -> r
    android.widget.LinearLayout line_banktype -> s
    android.widget.ArrayAdapter adapter -> t
    java.lang.String typeStr -> u
    com.lxm.pwhelp.dao.PWGroupDao groupDao -> v
    void onCreate(android.os.Bundle) -> onCreate
    void onClick(android.view.View) -> onClick
    boolean emptyStr(java.lang.String) -> a
    void init(android.content.Context) -> a
    android.widget.ArrayAdapter access$0(com.lxm.pwhelp.activity.AddItemActivity) -> a
    void access$1(com.lxm.pwhelp.activity.AddItemActivity,java.lang.String) -> a
    java.lang.String access$2(com.lxm.pwhelp.activity.AddItemActivity) -> b
com.lxm.pwhelp.activity.AddItemActivity$1 -> com.lxm.pwhelp.activity.b:
    com.lxm.pwhelp.activity.AddItemActivity this$0 -> a
    void onClick(android.content.DialogInterface,int) -> onClick
...
android.support.v4.widget.ScrollerCompat$ScrollerCompatImplGingerbread -> android.support.v4.widget.ah:
    java.lang.Object createScroller(android.content.Context,android.view.animation.Interpolator) -> a
    boolean isFinished(java.lang.Object) -> a
    int getCurrX(java.lang.Object) -> b
    int getCurrY(java.lang.Object) -> c
    float getCurrVelocity(java.lang.Object) -> d
    boolean computeScrollOffset(java.lang.Object) -> e
    void startScroll(java.lang.Object,int,int,int,int) -> a
    void startScroll(java.lang.Object,int,int,int,int,int) -> a
    void fling(java.lang.Object,int,int,int,int,int,int,int,int,int,int) -> a
    void abortAnimation(java.lang.Object) -> f
    int getFinalX(java.lang.Object) -> g
    int getFinalY(java.lang.Object) -> h
android.support.v4.widget.ScrollerCompat$ScrollerCompatImplIcs -> android.support.v4.widget.ai:
    float getCurrVelocity(java.lang.Object) -> d
android.support.v4.widget.ScrollerCompatGingerbread -> android.support.v4.widget.aj:
    java.lang.Object createScroller(android.content.Context,android.view.animation.Interpolator) -> a
    boolean isFinished(java.lang.Object) -> a
    int getCurrX(java.lang.Object) -> b
    int getCurrY(java.lang.Object) -> c
    boolean computeScrollOffset(java.lang.Object) -> d
    void startScroll(java.lang.Object,int,int,int,int) -> a
    void startScroll(java.lang.Object,int,int,int,int,int) -> a
    void fling(java.lang.Object,int,int,int,int,int,int,int,int,int,int) -> a
    void abortAnimation(java.lang.Object) -> e
    int getFinalX(java.lang.Object) -> f
    int getFinalY(java.lang.Object) -> g
android.support.v4.widget.ScrollerCompatIcs -> android.support.v4.widget.ak:
    float getCurrVelocity(java.lang.Object) -> a
android.support.v4.widget.SlidingPaneLayout -> android.support.v4.widget.SlidingPaneLayout:
    int mSliderFadeColor -> b
    int mCoveredFadeColor -> c
    android.graphics.drawable.Drawable mShadowDrawableLeft -> d
    android.graphics.drawable.Drawable mShadowDrawableRight -> e
    int mOverhangSize -> f
    boolean mCanSlide -> g
    android.view.View mSlideableView -> h
    float mSlideOffset -> i
    float mParallaxOffset -> j
    int mSlideRange -> k
    boolean mIsUnableToDrag -> l
    int mParallaxBy -> m
    float mInitialMotionX -> n
    float mInitialMotionY -> o
    android.support.v4.widget.SlidingPaneLayout$PanelSlideListener mPanelSlideListener -> p
    android.support.v4.widget.ViewDragHelper mDragHelper -> q
    boolean mPreservedOpenState -> r
    boolean mFirstLayout -> s
    android.graphics.Rect mTmpRect -> t
    java.util.ArrayList mPostedRunnables -> u
    android.support.v4.widget.SlidingPaneLayout$SlidingPanelLayoutImpl IMPL -> a
    void setParallaxDistance(int) -> setParallaxDistance
    int getParallaxDistance() -> getParallaxDistance
    void setSliderFadeColor(int) -> setSliderFadeColor
    int getSliderFadeColor() -> getSliderFadeColor
    void setCoveredFadeColor(int) -> setCoveredFadeColor
    int getCoveredFadeColor() -> getCoveredFadeColor
    void setPanelSlideListener(android.support.v4.widget.SlidingPaneLayout$PanelSlideListener) -> setPanelSlideListener
    void dispatchOnPanelSlide(android.view.View) -> a
android.support.v4.widget.SlidingPaneLayout$1 -> android.support.v4.widget.al: