PWHelper/proguard/usage.txt
com.lxm.pwhelp.BuildConfig
com.lxm.pwhelp.R:
    10:10:public R()
com.lxm.pwhelp.R$anim
com.lxm.pwhelp.R$attr
com.lxm.pwhelp.R$color
com.lxm.pwhelp.R$dimen
com.lxm.pwhelp.R$drawable
com.lxm.pwhelp.R$id
com.lxm.pwhelp.R$layout
com.lxm.pwhelp.R$raw
com.lxm.pwhelp.R$string
com.lxm.pwhelp.R$style
com.lxm.pwhelp.R$styleable:
    699:699:public R$styleable()
com.lxm.pwhelp.activity.CreateGesturePasswordActivity:
    private static final int ID_EMPTY_MESSAGE
    private static final java.lang.String KEY_UI_STAGE
    private static final java.lang.String KEY_PATTERN_CHOICE
com.lxm.pwhelp.activity.MainActivity:
    private static final int EDIT_ITEM_CODE
    private static final int ADD_GROUP_CODE
    private static final int ADD_ITEM_CODE
    private static final int VIEW_ITEM_CODE
    private static final int FILE_SELECT_CODE
    private static final int SYSY_SETTING_CODE
    private static final int FIRST_ADD_CODE
    private static final int PROFILE_SETTING_CODE
    private static final java.lang.String BR_TAG_ITEM
    private static final java.lang.String BR_TAG_GROUP
    private static final java.lang.String BR_TAG_SETTING
com.lxm.pwhelp.activity.PersonalActivity:
    private static final int IMAGE_REQUEST_CODE
    private static final int CAMERA_REQUEST_CODE
    private static final int RESIZE_REQUEST_CODE
    private static final java.lang.String IMAGE_FILE_NAME
com.lxm.pwhelp.activity.SettingHeaderActivity:
    private static final int IMAGE_REQUEST_CODE
    private static final int CAMERA_REQUEST_CODE
    private static final int RESIZE_REQUEST_CODE
    private static final java.lang.String IMAGE_FILE_NAME
com.lxm.pwhelp.activity.SettingsActivity:
    private static final int SET_EMAIL_CODE
    private static final int SET_COMMAND_CODE
    private static final int SET_LOCK_CODE
com.lxm.pwhelp.activity.UnlockGesturePasswordActivity:
    private static final java.lang.String RESET
com.lxm.pwhelp.bean.PWGroup:
    private static final long serialVersionUID
    46:46:public int getGroup_id()
    62:62:public java.lang.String getGroup_level()
    70:70:public java.lang.String getCreated()
    78:78:public boolean isDeleted()
com.lxm.pwhelp.bean.PWItem:
    private static final long serialVersionUID
    67:67:public java.lang.String getCreated()
    75:75:public boolean isDeleted()
    83:83:public int getItem_id()
    139:139:public java.lang.String getModified()
com.lxm.pwhelp.bean.PWSetting:
    private static final long serialVersionUID
    46:46:public java.lang.String getSetting_name()
    62:62:public java.lang.String getCreated()
    70:70:public java.lang.Boolean getDeleted()
com.lxm.pwhelp.custom.CircleImageView:
    private static final int COLORDRAWABLE_DIMENSION
    private static final int DEFAULT_BORDER_WIDTH
    private static final int DEFAULT_BORDER_COLOR
    private static final boolean DEFAULT_BORDER_OVERLAY
    165:165:public boolean isBorderOverlay()
com.lxm.pwhelp.custom.CustomDialog
com.lxm.pwhelp.custom.ToggleButton:
    120:121:public void toggle()
    133:137:public void toggleOn()
    140:144:public void toggleOff()
    150:151:public void setToggleOn()
    316:316:public boolean isAnimate()
com.lxm.pwhelp.dao.PWGroupDao:
    49:55:public com.lxm.pwhelp.bean.PWGroup getGroupByID(int)
com.lxm.pwhelp.dao.PWItemDao:
    49:55:public int delete(int)
    59:65:public int update(com.lxm.pwhelp.bean.PWItem)
    74:80:public com.lxm.pwhelp.bean.PWItem getPWItemByID(int)
com.lxm.pwhelp.dao.PWSettingDao:
    40:46:public int update(com.lxm.pwhelp.bean.PWSetting)
com.lxm.pwhelp.db.DatabaseConfigUtil
com.lxm.pwhelp.db.DatabaseHelper:
    private static final java.lang.String TABLE_NAME
    private static final int DATABASE_VERSION
com.lxm.pwhelp.email.MailSenderInfo:
    36:36:public java.lang.String getMailServerHost()
    42:42:public java.lang.String getMailServerPort()
com.lxm.pwhelp.email.SimpleMailSender:
    100:140:public static boolean sendHtmlMail(com.lxm.pwhelp.email.MailSenderInfo)
...
javax.mail.internet.MimeBodyPart:
    235:248:public int getSize()
    264:264:public int getLineCount()
    301:301:public boolean isMimeType(java.lang.String)
    318:318:public java.lang.String getDisposition()
    332:333:public void setDisposition(java.lang.String)
    359:359:public java.lang.String getContentID()
    375:379:public void setContentID(java.lang.String)
    390:390:public java.lang.String getContentMD5()
    402:403:public void setContentMD5(java.lang.String)
    415:415:public java.lang.String[] getContentLanguage()
    426:427:public void setContentLanguage(java.lang.String[])
    445:445:public java.lang.String getDescription()
    474:475:public void setDescription(java.lang.String)
    505:506:public void setDescription(java.lang.String,java.lang.String)
    573:573:public java.io.InputStream getInputStream()
    610:610:public java.io.InputStream getRawInputStream()
    648:663:public java.lang.Object getContent()
    730:731:public void setText(java.lang.String)
    746:747:public void setText(java.lang.String,java.lang.String)
    764:765:public void setText(java.lang.String,java.lang.String,java.lang.String)
    795:798:public void attachFile(java.io.File)
    813:815:public void attachFile(java.lang.String)
    827:847:public void saveFile(java.io.File)
    859:861:public void saveFile(java.lang.String)
    874:875:public void writeTo(java.io.OutputStream)
    935:936:public void addHeader(java.lang.String,java.lang.String)
javax.mail.internet.MimeMessage:
    206:211:public MimeMessage(javax.mail.Session,java.io.InputStream)
    226:248:public MimeMessage(javax.mail.internet.MimeMessage)
    257:261:protected MimeMessage(javax.mail.Folder,int)
    278:281:protected MimeMessage(javax.mail.Folder,java.io.InputStream,int)
    297:301:protected MimeMessage(javax.mail.Folder,javax.mail.internet.InternetHeaders,byte[],int)
    326:345:protected void parse(java.io.InputStream)
    361:365:public javax.mail.Address[] getFrom()
    400:405:public void setFrom()
    420:421:public void addFrom(javax.mail.Address[])
    437:440:public javax.mail.Address getSender()
    458:462:public void setSender(javax.mail.Address)
    601:608:public void setRecipients(javax.mail.Message$RecipientType,java.lang.String)
    624:630:public void addRecipients(javax.mail.Message$RecipientType,javax.mail.Address[])
    649:654:public void addRecipients(javax.mail.Message$RecipientType,java.lang.String)
    668:671:public javax.mail.Address[] getReplyTo()
    686:687:public void setReplyTo(javax.mail.Address[])
    708:712:private void addAddressHeader(java.lang.String,javax.mail.Address[])
    730:738:public java.lang.String getSubject()
    826:837:public java.util.Date getSentDate()
    876:876:public java.util.Date getReceivedDate()
    897:910:public int getSize()
    927:927:public int getLineCount()
    965:965:public boolean isMimeType(java.lang.String)
    983:983:public java.lang.String getDisposition()
javax.mail.internet.MimeMessage$RecipientType:
    private static final long serialVersionUID
    485:488:protected java.lang.Object readResolve()
javax.mail.internet.MimeMultipart:
    202:220:public MimeMultipart(javax.activation.DataSource)
    231:234:public synchronized void setSubType(java.lang.String)
    242:243:public synchronized int getCount()
    255:256:public synchronized javax.mail.BodyPart getBodyPart(int)
    268:277:public synchronized javax.mail.BodyPart getBodyPart(java.lang.String)
    292:293:public boolean removeBodyPart(javax.mail.BodyPart)
    309:311:public void removeBodyPart(int)
    345:347:public synchronized void addBodyPart(javax.mail.BodyPart,int)
    364:365:public synchronized boolean isComplete()
    377:378:public synchronized java.lang.String getPreamble()
    394:395:public synchronized void setPreamble(java.lang.String)
    425:450:public synchronized void writeTo(java.io.OutputStream)